<?xml version="1.0" encoding="UTF-8"?>
<testng-results skipped="0" failed="1" ignored="0" total="4" passed="3">
  <reporter-output>
  </reporter-output>
  <suite name="All Test Suite" duration-ms="21594" started-at="2021-03-09T17:36:27 IST" finished-at="2021-03-09T17:36:48 IST">
    <groups>
    </groups>
    <test name="Validating homepage" duration-ms="10136" started-at="2021-03-09T17:36:27 IST" finished-at="2021-03-09T17:36:37 IST">
      <class name="Academy.HomePage">
        <test-method status="PASS" signature="TearUp()[pri:0, instance:Academy.HomePage@4f32a3ad]" name="TearUp" is-config="true" duration-ms="4850" started-at="2021-03-09T17:36:27 IST" finished-at="2021-03-09T17:36:31 IST">
          <reporter-output>
          </reporter-output>
        </test-method> <!-- TearUp -->
        <test-method status="PASS" signature="basePageNavigation(java.lang.String, java.lang.String, java.lang.String)[pri:0, instance:Academy.HomePage@4f32a3ad]" name="basePageNavigation" duration-ms="2369" started-at="2021-03-09T17:36:31 IST" data-provider="getData" finished-at="2021-03-09T17:36:34 IST">
          <params>
            <param index="0">
              <value>
                <![CDATA[sampleEmail]]>
              </value>
            </param>
            <param index="1">
              <value>
                <![CDATA[samplePassword]]>
              </value>
            </param>
            <param index="2">
              <value>
                <![CDATA[Restricted user]]>
              </value>
            </param>
          </params>
          <reporter-output>
          </reporter-output>
        </test-method> <!-- basePageNavigation -->
        <test-method status="PASS" signature="basePageNavigation(java.lang.String, java.lang.String, java.lang.String)[pri:0, instance:Academy.HomePage@4f32a3ad]" name="basePageNavigation" duration-ms="2821" started-at="2021-03-09T17:36:34 IST" data-provider="getData" finished-at="2021-03-09T17:36:37 IST">
          <params>
            <param index="0">
              <value>
                <![CDATA[2ndsampleEmail]]>
              </value>
            </param>
            <param index="1">
              <value>
                <![CDATA[2ndSamplePassword]]>
              </value>
            </param>
            <param index="2">
              <value>
                <![CDATA[notRestricked]]>
              </value>
            </param>
          </params>
          <reporter-output>
          </reporter-output>
        </test-method> <!-- basePageNavigation -->
        <test-method status="PASS" signature="TearDown()[pri:0, instance:Academy.HomePage@4f32a3ad]" name="TearDown" is-config="true" duration-ms="67" started-at="2021-03-09T17:36:37 IST" finished-at="2021-03-09T17:36:37 IST">
          <reporter-output>
          </reporter-output>
        </test-method> <!-- TearDown -->
      </class> <!-- Academy.HomePage -->
    </test> <!-- Validating homepage -->
    <test name="Validating home button" duration-ms="6004" started-at="2021-03-09T17:36:37 IST" finished-at="2021-03-09T17:36:43 IST">
      <class name="ValidateHome.HomePageValidateHomeButton">
        <test-method status="PASS" signature="TearUp()[pri:0, instance:ValidateHome.HomePageValidateHomeButton@480d3575]" name="TearUp" is-config="true" duration-ms="5466" started-at="2021-03-09T17:36:37 IST" finished-at="2021-03-09T17:36:42 IST">
          <reporter-output>
          </reporter-output>
        </test-method> <!-- TearUp -->
        <test-method status="FAIL" signature="basePageNavigation()[pri:0, instance:ValidateHome.HomePageValidateHomeButton@480d3575]" name="basePageNavigation" duration-ms="65" started-at="2021-03-09T17:36:42 IST" finished-at="2021-03-09T17:36:43 IST">
          <exception class="java.lang.AssertionError">
            <message>
              <![CDATA[expected [false] but found [true]]]>
            </message>
            <full-stacktrace>
              <![CDATA[java.lang.AssertionError: expected [false] but found [true]
at org.testng.Assert.fail(Assert.java:99)
at org.testng.Assert.failNotEquals(Assert.java:1037)
at org.testng.Assert.assertFalse(Assert.java:67)
at org.testng.Assert.assertFalse(Assert.java:77)
at ValidateHome.HomePageValidateHomeButton.basePageNavigation(HomePageValidateHomeButton.java:32)
at sun.reflect.NativeMethodAccessorImpl.invoke0(Native Method)
at sun.reflect.NativeMethodAccessorImpl.invoke(NativeMethodAccessorImpl.java:62)
at sun.reflect.DelegatingMethodAccessorImpl.invoke(DelegatingMethodAccessorImpl.java:43)
at java.lang.reflect.Method.invoke(Method.java:498)
at org.testng.internal.MethodInvocationHelper.invokeMethod(MethodInvocationHelper.java:132)
at org.testng.internal.TestInvoker.invokeMethod(TestInvoker.java:599)
at org.testng.internal.TestInvoker.invokeTestMethod(TestInvoker.java:174)
at org.testng.internal.MethodRunner.runInSequence(MethodRunner.java:46)
at org.testng.internal.TestInvoker$MethodInvocationAgent.invoke(TestInvoker.java:822)
at org.testng.internal.TestInvoker.invokeTestMethods(TestInvoker.java:147)
at org.testng.internal.TestMethodWorker.invokeTestMethods(TestMethodWorker.java:146)
at org.testng.internal.TestMethodWorker.run(TestMethodWorker.java:128)
at java.util.ArrayList.forEach(ArrayList.java:1259)
at org.testng.TestRunner.privateRun(TestRunner.java:764)
at org.testng.TestRunner.run(TestRunner.java:585)
at org.testng.SuiteRunner.runTest(SuiteRunner.java:384)
at org.testng.SuiteRunner.runSequentially(SuiteRunner.java:378)
at org.testng.SuiteRunner.privateRun(SuiteRunner.java:337)
at org.testng.SuiteRunner.run(SuiteRunner.java:286)
at org.testng.SuiteRunnerWorker.runSuite(SuiteRunnerWorker.java:53)
at org.testng.SuiteRunnerWorker.run(SuiteRunnerWorker.java:96)
at org.testng.TestNG.runSuitesSequentially(TestNG.java:1218)
at org.testng.TestNG.runSuitesLocally(TestNG.java:1140)
at org.testng.TestNG.runSuites(TestNG.java:1069)
at org.testng.TestNG.run(TestNG.java:1037)
at org.apache.maven.surefire.testng.TestNGExecutor.run(TestNGExecutor.java:284)
at org.apache.maven.surefire.testng.TestNGXmlTestSuite.execute(TestNGXmlTestSuite.java:75)
at org.apache.maven.surefire.testng.TestNGProvider.invoke(TestNGProvider.java:119)
at org.apache.maven.surefire.booter.ForkedBooter.runSuitesInProcess(ForkedBooter.java:428)
at org.apache.maven.surefire.booter.ForkedBooter.execute(ForkedBooter.java:162)
at org.apache.maven.surefire.booter.ForkedBooter.run(ForkedBooter.java:562)
at org.apache.maven.surefire.booter.ForkedBooter.main(ForkedBooter.java:548)
]]>
            </full-stacktrace>
          </exception> <!-- java.lang.AssertionError -->
          <reporter-output>
          </reporter-output>
        </test-method> <!-- basePageNavigation -->
        <test-method status="PASS" signature="TearDown()[pri:0, instance:ValidateHome.HomePageValidateHomeButton@480d3575]" name="TearDown" is-config="true" duration-ms="63" started-at="2021-03-09T17:36:43 IST" finished-at="2021-03-09T17:36:43 IST">
          <reporter-output>
          </reporter-output>
        </test-method> <!-- TearDown -->
      </class> <!-- ValidateHome.HomePageValidateHomeButton -->
    </test> <!-- Validating home button -->
    <test name="Validating home page title" duration-ms="5101" started-at="2021-03-09T17:36:43 IST" finished-at="2021-03-09T17:36:48 IST">
      <class name="ValidateTitle.HomePageValidateTitle">
        <test-method status="PASS" signature="TearUp()[pri:0, instance:ValidateTitle.HomePageValidateTitle@38467116]" name="TearUp" is-config="true" duration-ms="4749" started-at="2021-03-09T17:36:43 IST" finished-at="2021-03-09T17:36:48 IST">
          <reporter-output>
          </reporter-output>
        </test-method> <!-- TearUp -->
        <test-method status="PASS" signature="basePageNavigation()[pri:0, instance:ValidateTitle.HomePageValidateTitle@38467116]" name="basePageNavigation" duration-ms="34" started-at="2021-03-09T17:36:48 IST" finished-at="2021-03-09T17:36:48 IST">
          <reporter-output>
          </reporter-output>
        </test-method> <!-- basePageNavigation -->
        <test-method status="PASS" signature="TearDown()[pri:0, instance:ValidateTitle.HomePageValidateTitle@38467116]" name="TearDown" is-config="true" duration-ms="316" started-at="2021-03-09T17:36:48 IST" finished-at="2021-03-09T17:36:48 IST">
          <reporter-output>
          </reporter-output>
        </test-method> <!-- TearDown -->
      </class> <!-- ValidateTitle.HomePageValidateTitle -->
    </test> <!-- Validating home page title -->
  </suite> <!-- All Test Suite -->
</testng-results>
